2020-08-22 01:29:06,838 :INFO : test_login :Clicked on Menu
2020-08-22 01:29:07,605 :INFO : test_login :Clicked on Login
2020-08-22 01:29:07,731 :INFO : test_login :Entered Username
2020-08-22 01:29:07,799 :INFO : test_login :Entered Password
2020-08-22 01:29:08,598 :INFO : test_login :Clicked on login button
2020-08-22 01:29:08,627 :INFO : test_login :Login successful
2020-08-22 01:30:02,642 :INFO : test_bookAppointment :Clicked on Menu
2020-08-22 01:30:03,135 :INFO : test_bookAppointment :Clicked on Login
2020-08-22 01:30:03,247 :INFO : test_bookAppointment :Entered Username
2020-08-22 01:30:03,317 :INFO : test_bookAppointment :Entered Password
2020-08-22 01:30:05,190 :INFO : test_bookAppointment :Clicked on login button
2020-08-22 01:30:05,264 :INFO : test_bookAppointment :Selected Facility option
2020-08-22 01:30:05,309 :INFO : test_bookAppointment :Selected Readmission
2020-08-22 01:30:05,460 :INFO : test_bookAppointment :Selected Date
2020-08-22 01:30:05,522 :INFO : test_bookAppointment :Entered comment
2020-08-22 01:30:06,550 :INFO : test_bookAppointment :Clicked on book button
2020-08-22 01:30:06,618 :INFO : test_bookAppointment :Booking Successful
2020-08-22 01:30:43,332 :INFO : test_login :Clicked on Menu
2020-08-22 01:30:43,824 :INFO : test_login :Clicked on Login
2020-08-22 01:30:43,917 :INFO : test_login :Entered Username
2020-08-22 01:30:43,984 :INFO : test_login :Entered Password
2020-08-22 01:30:44,624 :INFO : test_login :Clicked on login button
2020-08-22 01:30:44,645 :INFO : test_login :Login successful
2020-08-22 01:31:16,917 :INFO : test_validateFooter :Footer validation successful
2020-08-22 01:31:26,198 :INFO : test_validateTitle :Title validation successful
2020-08-22 01:46:10,760 :INFO : test_bookAppointment :Clicked on Menu
2020-08-22 01:46:11,871 :INFO : test_bookAppointment :Clicked on Login
2020-08-22 01:46:12,032 :INFO : test_bookAppointment :Entered Username
2020-08-22 01:46:12,095 :INFO : test_bookAppointment :Entered Password
2020-08-22 01:46:12,779 :INFO : test_bookAppointment :Clicked on login button
2020-08-22 01:46:12,847 :INFO : test_bookAppointment :Selected Facility option
2020-08-22 01:46:12,891 :INFO : test_bookAppointment :Selected Readmission
2020-08-22 01:46:13,051 :INFO : test_bookAppointment :Selected Date
2020-08-22 01:46:13,117 :INFO : test_bookAppointment :Entered comment
2020-08-22 01:46:13,452 :INFO : test_bookAppointment :Clicked on book button
2020-08-22 01:46:13,487 :INFO : test_bookAppointment :Booking Successful
2020-08-22 01:46:19,163 :INFO : test_login :Clicked on Menu
2020-08-22 01:46:20,442 :INFO : test_login :Clicked on Login
2020-08-22 01:46:20,550 :INFO : test_login :Entered Username
2020-08-22 01:46:20,623 :INFO : test_login :Entered Password
2020-08-22 01:46:21,204 :INFO : test_login :Clicked on login button
2020-08-22 01:46:21,235 :INFO : test_login :Login successful
2020-08-22 01:46:27,158 :INFO : test_validateFooter :Footer validation successful
2020-08-22 01:46:34,443 :INFO : test_validateTitle :Title validation successful
2020-08-22 01:52:18,795 :INFO : test_bookAppointment :Clicked on Menu
2020-08-22 01:52:19,328 :INFO : test_bookAppointment :Clicked on Login
2020-08-22 01:52:19,471 :INFO : test_bookAppointment :Entered Username
2020-08-22 01:52:19,540 :INFO : test_bookAppointment :Entered Password
2020-08-22 01:52:20,283 :INFO : test_bookAppointment :Clicked on login button
2020-08-22 01:52:20,354 :INFO : test_bookAppointment :Selected Facility option
2020-08-22 01:52:20,398 :INFO : test_bookAppointment :Selected Readmission
2020-08-22 01:52:20,548 :INFO : test_bookAppointment :Selected Date
2020-08-22 01:52:20,619 :INFO : test_bookAppointment :Entered comment
2020-08-22 01:52:20,969 :INFO : test_bookAppointment :Clicked on book button
2020-08-22 01:52:21,006 :INFO : test_bookAppointment :Booking Successful
2020-08-22 01:52:26,986 :INFO : test_login :Clicked on Menu
2020-08-22 01:52:27,460 :INFO : test_login :Clicked on Login
2020-08-22 01:52:27,566 :INFO : test_login :Entered Username
2020-08-22 01:52:27,644 :INFO : test_login :Entered Password
2020-08-22 01:52:28,217 :INFO : test_login :Clicked on login button
2020-08-22 01:52:28,258 :INFO : test_login :Login successful
2020-08-22 01:52:33,936 :INFO : test_validateFooter :Footer validation successful
2020-08-22 01:59:33,633 :INFO : test_bookAppointment :Clicked on Menu
2020-08-22 01:59:34,216 :INFO : test_bookAppointment :Clicked on Login
2020-08-22 01:59:34,331 :INFO : test_bookAppointment :Entered Username
2020-08-22 01:59:34,401 :INFO : test_bookAppointment :Entered Password
2020-08-22 01:59:35,081 :INFO : test_bookAppointment :Clicked on login button
2020-08-22 01:59:35,159 :INFO : test_bookAppointment :Selected Facility option
2020-08-22 01:59:35,199 :INFO : test_bookAppointment :Selected Readmission
2020-08-22 01:59:35,332 :INFO : test_bookAppointment :Selected Date
2020-08-22 01:59:35,403 :INFO : test_bookAppointment :Entered comment
2020-08-22 01:59:35,759 :INFO : test_bookAppointment :Clicked on book button
2020-08-22 01:59:35,797 :INFO : test_bookAppointment :Booking Successful
2020-08-22 01:59:42,545 :INFO : test_login :Clicked on Menu
2020-08-22 01:59:43,120 :INFO : test_login :Clicked on Login
2020-08-22 01:59:43,236 :INFO : test_login :Entered Username
2020-08-22 01:59:43,303 :INFO : test_login :Entered Password
2020-08-22 01:59:43,993 :INFO : test_login :Clicked on login button
2020-08-22 01:59:44,023 :INFO : test_login :Login successful
2020-08-22 01:59:49,754 :INFO : test_validateFooter :Footer validation successful
2020-08-22 13:22:55,801 :INFO : test_login :Clicked on Menu
2020-08-22 13:22:56,649 :INFO : test_login :Clicked on Login
2020-08-22 13:22:56,807 :INFO : test_login :Entered Username
2020-08-22 13:22:56,870 :INFO : test_login :Entered Password
2020-08-22 13:22:58,349 :INFO : test_login :Clicked on login button
2020-08-22 13:22:58,380 :INFO : test_login :Login successful
2020-08-22 13:51:06,222 :INFO : test_bookAppointment :Clicked on Menu
2020-08-22 13:51:06,809 :INFO : test_bookAppointment :Clicked on Login
2020-08-22 13:51:06,927 :INFO : test_bookAppointment :Entered Username
2020-08-22 13:51:06,998 :INFO : test_bookAppointment :Entered Password
2020-08-22 13:51:08,803 :INFO : test_bookAppointment :Clicked on login button
2020-08-22 13:51:15,448 :INFO : test_login :Clicked on Menu
2020-08-22 13:51:15,952 :INFO : test_login :Clicked on Login
2020-08-22 13:51:16,057 :INFO : test_login :Entered Username
2020-08-22 13:51:16,129 :INFO : test_login :Entered Password
2020-08-22 13:51:17,130 :INFO : test_login :Clicked on login button
2020-08-22 13:51:17,163 :INFO : test_login :Login successful
2020-08-22 13:51:23,365 :INFO : test_validateFooter :Footer validation successful
2020-08-22 13:57:14,774 :INFO : test_bookAppointment :Clicked on Menu
2020-08-22 13:57:15,271 :INFO : test_bookAppointment :Clicked on Login
2020-08-22 13:57:15,394 :INFO : test_bookAppointment :Entered Username
2020-08-22 13:57:15,466 :INFO : test_bookAppointment :Entered Password
2020-08-22 13:57:16,054 :INFO : test_bookAppointment :Clicked on login button
2020-08-22 13:57:24,199 :INFO : test_login :Clicked on Menu
2020-08-22 13:57:24,661 :INFO : test_login :Clicked on Login
2020-08-22 13:57:24,768 :INFO : test_login :Entered Username
2020-08-22 13:57:24,843 :INFO : test_login :Entered Password
2020-08-22 13:57:25,402 :INFO : test_login :Clicked on login button
2020-08-22 13:57:25,433 :INFO : test_login :Login successful
2020-08-22 13:57:31,737 :INFO : test_validateFooter :Footer validation successful
2020-08-22 14:00:11,100 :INFO : test_bookAppointment :Clicked on Menu
2020-08-22 14:00:11,586 :INFO : test_bookAppointment :Clicked on Login
2020-08-22 14:00:11,701 :INFO : test_bookAppointment :Entered Username
2020-08-22 14:00:11,774 :INFO : test_bookAppointment :Entered Password
2020-08-22 14:00:14,106 :INFO : test_bookAppointment :Clicked on login button
2020-08-22 14:08:36,070 :INFO : test_bookAppointment :Clicked on Menu
2020-08-22 14:08:36,591 :INFO : test_bookAppointment :Clicked on Login
2020-08-22 14:08:36,709 :INFO : test_bookAppointment :Entered Username
2020-08-22 14:08:36,793 :INFO : test_bookAppointment :Entered Password
2020-08-22 14:08:37,407 :INFO : test_bookAppointment :Clicked on login button
2020-08-22 14:09:01,512 :INFO : test_bookAppointment :Clicked on Menu
2020-08-22 14:09:01,999 :INFO : test_bookAppointment :Clicked on Login
2020-08-22 14:09:02,106 :INFO : test_bookAppointment :Entered Username
2020-08-22 14:09:02,176 :INFO : test_bookAppointment :Entered Password
2020-08-22 14:09:02,838 :INFO : test_bookAppointment :Clicked on login button
2020-08-22 14:09:02,910 :INFO : test_bookAppointment :Selected Facility option
2020-08-22 14:09:02,953 :INFO : test_bookAppointment :Selected Readmission
2020-08-22 14:09:09,218 :INFO : test_login :Clicked on Menu
2020-08-22 14:09:09,749 :INFO : test_login :Clicked on Login
2020-08-22 14:09:09,855 :INFO : test_login :Entered Username
2020-08-22 14:09:09,925 :INFO : test_login :Entered Password
2020-08-22 14:09:12,377 :INFO : test_login :Clicked on login button
2020-08-22 14:09:12,413 :INFO : test_login :Login successful
2020-08-22 14:09:19,000 :INFO : test_validateFooter :Footer validation successful
2020-08-22 14:10:34,712 :INFO : test_bookAppointment :Clicked on Menu
2020-08-22 14:10:35,254 :INFO : test_bookAppointment :Clicked on Login
2020-08-22 14:10:35,368 :INFO : test_bookAppointment :Entered Username
2020-08-22 14:10:35,439 :INFO : test_bookAppointment :Entered Password
2020-08-22 14:10:36,002 :INFO : test_bookAppointment :Clicked on login button
2020-08-22 14:10:36,070 :INFO : test_bookAppointment :Selected Facility option
2020-08-22 14:10:36,113 :INFO : test_bookAppointment :Selected Readmission
2020-08-22 14:12:12,290 :INFO : test_bookAppointment :Clicked on Menu
2020-08-22 14:12:13,021 :INFO : test_bookAppointment :Clicked on Login
2020-08-22 14:12:13,134 :INFO : test_bookAppointment :Entered Username
2020-08-22 14:12:13,206 :INFO : test_bookAppointment :Entered Password
2020-08-22 14:12:14,296 :INFO : test_bookAppointment :Clicked on login button
2020-08-22 14:12:14,372 :INFO : test_bookAppointment :Selected Facility option
2020-08-22 14:12:14,414 :INFO : test_bookAppointment :Selected Readmission
2020-08-22 14:12:14,558 :INFO : test_bookAppointment :Selected Date
2020-08-22 14:12:14,636 :INFO : test_bookAppointment :Entered comment
2020-08-22 14:12:15,157 :INFO : test_bookAppointment :Clicked on book button
2020-08-22 14:12:15,187 :INFO : test_bookAppointment :Booking Successful
2020-08-22 14:12:59,747 :INFO : test_bookAppointment :Clicked on Menu
2020-08-22 14:13:00,252 :INFO : test_bookAppointment :Clicked on Login
2020-08-22 14:13:00,410 :INFO : test_bookAppointment :Entered Username
2020-08-22 14:13:00,487 :INFO : test_bookAppointment :Entered Password
2020-08-22 14:13:01,086 :INFO : test_bookAppointment :Clicked on login button
2020-08-22 14:13:01,151 :INFO : test_bookAppointment :Selected Facility option
2020-08-22 14:13:01,194 :INFO : test_bookAppointment :Selected Readmission
2020-08-22 14:13:01,318 :INFO : test_bookAppointment :Selected Date
2020-08-22 14:13:01,390 :INFO : test_bookAppointment :Entered comment
2020-08-22 14:13:01,753 :INFO : test_bookAppointment :Clicked on book button
2020-08-22 14:13:01,795 :INFO : test_bookAppointment :Booking Successful
2020-08-22 14:13:08,003 :INFO : test_login :Clicked on Menu
2020-08-22 14:13:08,529 :INFO : test_login :Clicked on Login
2020-08-22 14:13:08,646 :INFO : test_login :Entered Username
2020-08-22 14:13:08,715 :INFO : test_login :Entered Password
2020-08-22 14:13:09,314 :INFO : test_login :Clicked on login button
2020-08-22 14:13:09,355 :INFO : test_login :Login successful
2020-08-22 14:13:15,230 :INFO : test_validateFooter :Footer validation successful
2020-08-22 15:43:44,361 :INFO : test_bookAppointment :Clicked on Menu
2020-08-22 15:43:44,993 :INFO : test_bookAppointment :Clicked on Login
2020-08-22 15:43:45,145 :INFO : test_bookAppointment :Entered Username
2020-08-22 15:43:45,228 :INFO : test_bookAppointment :Entered Password
2020-08-22 15:43:45,943 :INFO : test_bookAppointment :Clicked on login button
2020-08-22 15:43:46,046 :INFO : test_bookAppointment :Selected Facility option
2020-08-22 15:43:46,090 :INFO : test_bookAppointment :Selected Readmission
2020-08-22 15:43:46,232 :INFO : test_bookAppointment :Selected Date
2020-08-22 15:43:46,314 :INFO : test_bookAppointment :Entered comment
2020-08-22 15:43:46,693 :INFO : test_bookAppointment :Clicked on book button
2020-08-22 15:43:46,750 :INFO : test_bookAppointment :Booking Successful
2020-08-22 15:43:53,797 :INFO : test_login :Clicked on Menu
2020-08-22 15:43:54,495 :INFO : test_login :Clicked on Login
2020-08-22 15:43:54,602 :INFO : test_login :Entered Username
2020-08-22 15:43:54,672 :INFO : test_login :Entered Password
2020-08-22 15:43:55,242 :INFO : test_login :Clicked on login button
2020-08-22 15:43:55,273 :INFO : test_login :Login successful
2020-08-22 16:37:38,405 :INFO : test_bookAppointment :Clicked on Menu
2020-08-22 16:37:38,900 :INFO : test_bookAppointment :Clicked on Login
2020-08-22 16:37:39,028 :INFO : test_bookAppointment :Entered Username
2020-08-22 16:37:39,096 :INFO : test_bookAppointment :Entered Password
2020-08-22 16:37:41,396 :INFO : test_bookAppointment :Clicked on login button
2020-08-22 16:37:41,457 :INFO : test_bookAppointment :Selected Facility option
2020-08-22 16:37:41,501 :INFO : test_bookAppointment :Selected Readmission
2020-08-22 16:37:41,630 :INFO : test_bookAppointment :Selected Date
2020-08-22 16:37:41,708 :INFO : test_bookAppointment :Entered comment
2020-08-22 16:37:42,191 :INFO : test_bookAppointment :Clicked on book button
2020-08-22 16:37:42,210 :INFO : test_bookAppointment :Booking Successful
2020-08-22 16:37:48,394 :INFO : test_login :Clicked on Menu
2020-08-22 16:37:48,890 :INFO : test_login :Clicked on Login
2020-08-22 16:37:49,000 :INFO : test_login :Entered Username
2020-08-22 16:37:49,069 :INFO : test_login :Entered Password
2020-08-22 16:37:49,659 :INFO : test_login :Clicked on login button
2020-08-22 16:37:49,680 :INFO : test_login :Login successful
2020-08-22 16:37:55,614 :INFO : test_validateFooter :Footer validation successful
2020-08-22 16:40:54,335 :INFO : test_bookAppointment :Clicked on Menu
2020-08-22 16:40:55,397 :INFO : test_bookAppointment :Clicked on Login
2020-08-22 16:40:55,561 :INFO : test_bookAppointment :Entered Username
2020-08-22 16:40:55,632 :INFO : test_bookAppointment :Entered Password
2020-08-22 16:40:56,827 :INFO : test_bookAppointment :Clicked on login button
2020-08-22 16:40:56,890 :INFO : test_bookAppointment :Selected Facility option
2020-08-22 16:40:56,932 :INFO : test_bookAppointment :Selected Readmission
2020-08-22 16:40:57,078 :INFO : test_bookAppointment :Selected Date
2020-08-22 16:40:57,152 :INFO : test_bookAppointment :Entered comment
2020-08-22 16:40:57,858 :INFO : test_bookAppointment :Clicked on book button
2020-08-22 16:40:57,883 :INFO : test_bookAppointment :Booking Successful
2020-08-22 16:41:03,874 :INFO : test_login :Clicked on Menu
2020-08-22 16:41:04,362 :INFO : test_login :Clicked on Login
2020-08-22 16:41:04,456 :INFO : test_login :Entered Username
2020-08-22 16:41:04,535 :INFO : test_login :Entered Password
2020-08-22 16:41:05,118 :INFO : test_login :Clicked on login button
2020-08-22 16:41:05,157 :INFO : test_login :Login successful
2020-08-22 16:41:10,697 :INFO : test_validateFooter :Footer validation successful
2020-08-22 16:42:14,981 :INFO : test_bookAppointment :Clicked on Menu
2020-08-22 16:42:15,510 :INFO : test_bookAppointment :Clicked on Login
2020-08-22 16:42:15,645 :INFO : test_bookAppointment :Entered Username
2020-08-22 16:42:15,743 :INFO : test_bookAppointment :Entered Password
2020-08-22 16:42:16,516 :INFO : test_bookAppointment :Clicked on login button
2020-08-22 16:42:16,617 :INFO : test_bookAppointment :Selected Facility option
2020-08-22 16:42:16,669 :INFO : test_bookAppointment :Selected Readmission
2020-08-22 16:42:16,839 :INFO : test_bookAppointment :Selected Date
2020-08-22 16:42:16,953 :INFO : test_bookAppointment :Entered comment
2020-08-22 16:42:17,988 :INFO : test_bookAppointment :Clicked on book button
2020-08-22 16:42:18,053 :INFO : test_bookAppointment :Booking Successful
2020-08-22 16:42:25,316 :INFO : test_login :Clicked on Menu
2020-08-22 16:42:25,928 :INFO : test_login :Clicked on Login
2020-08-22 16:42:26,065 :INFO : test_login :Entered Username
2020-08-22 16:42:26,156 :INFO : test_login :Entered Password
2020-08-22 16:42:27,075 :INFO : test_login :Clicked on login button
2020-08-22 16:42:27,121 :INFO : test_login :Login successful
2020-08-22 16:42:33,827 :INFO : test_validateFooter :Footer validation successful
2020-08-22 16:46:11,297 :INFO : test_bookAppointment :Clicked on Menu
2020-08-22 16:46:11,803 :INFO : test_bookAppointment :Clicked on Login
2020-08-22 16:46:11,923 :INFO : test_bookAppointment :Entered Username
2020-08-22 16:46:11,995 :INFO : test_bookAppointment :Entered Password
2020-08-22 16:46:12,614 :INFO : test_bookAppointment :Clicked on login button
2020-08-22 16:46:12,686 :INFO : test_bookAppointment :Selected Facility option
2020-08-22 16:46:12,729 :INFO : test_bookAppointment :Selected Readmission
2020-08-22 16:46:12,853 :INFO : test_bookAppointment :Selected Date
2020-08-22 16:46:12,929 :INFO : test_bookAppointment :Entered comment
2020-08-22 16:46:13,648 :INFO : test_bookAppointment :Clicked on book button
2020-08-22 16:46:13,684 :INFO : test_bookAppointment :Booking Successful
2020-08-22 16:47:38,952 :INFO : test_bookAppointment :Clicked on Menu
2020-08-22 16:47:39,498 :INFO : test_bookAppointment :Clicked on Login
2020-08-22 16:47:39,628 :INFO : test_bookAppointment :Entered Username
2020-08-22 16:47:39,727 :INFO : test_bookAppointment :Entered Password
2020-08-22 16:47:40,416 :INFO : test_bookAppointment :Clicked on login button
2020-08-22 16:47:40,515 :INFO : test_bookAppointment :Selected Facility option
2020-08-22 16:47:40,565 :INFO : test_bookAppointment :Selected Readmission
2020-08-22 16:47:40,724 :INFO : test_bookAppointment :Selected Date
2020-08-22 16:47:40,836 :INFO : test_bookAppointment :Entered comment
2020-08-22 16:47:41,199 :INFO : test_bookAppointment :Clicked on book button
2020-08-22 16:47:41,254 :INFO : test_bookAppointment :Booking Successful
